<?xml version="1.0" encoding="UTF-8"?>
<!-- Generated by org.testng.reporters.JUnitReportReporter -->
<testsuite hostname="AS3I4" failures="0" tests="1" name="com.technical.runner.TestRunner" time="20.684" errors="0" timestamp="2022-11-10T21:31:17 ICT" skipped="0">
  <testcase classname="com.technical.runner.TestRunner" name="runScenario" time="20.684"/>
  <system-out/>
</testsuite> <!-- com.technical.runner.TestRunner -->
