<?xml version="1.0" encoding="UTF-8"?>
<!-- Generated by org.testng.reporters.JUnitReportReporter -->
<testsuite hostname="AS3I4" failures="0" tests="1" name="com.technical.runner.TestRunner" time="15.694" errors="0" timestamp="2022-11-09T00:11:59 ICT" skipped="0">
  <testcase classname="com.technical.runner.TestRunner" name="runScenario" time="15.694"/>
  <system-out/>
</testsuite> <!-- com.technical.runner.TestRunner -->
