<?xml version="1.0" encoding="UTF-8"?>
<!-- Generated by org.testng.reporters.JUnitReportReporter -->
<testsuite hostname="AS3I4" failures="0" tests="1" name="com.technical.runner.TestRunner" time="0.095" errors="0" timestamp="2022-11-07T23:42:27 ICT" skipped="0">
  <testcase classname="com.technical.runner.TestRunner" name="runScenario" time="0.095"/>
  <system-out/>
</testsuite> <!-- com.technical.runner.TestRunner -->
